<?xml version="1.0" encoding="UTF-8"?>
<!-- Generated by org.testng.reporters.JUnitReportReporter -->
<testsuite hostname="TestGroup" failures="0" tests="1" name="test.java.carritocompras.CC_Test" time="148.228" errors="0" timestamp="2023-06-07T16:15:31 CLT" skipped="0">
  <testcase classname="test.java.carritocompras.CC_Test" name="CC_QA_Automatizacion" time="148.228"/>
  <system-out/>
</testsuite> <!-- test.java.carritocompras.CC_Test -->
