<?xml version="1.0" encoding="UTF-8"?>
<!-- Generated by org.testng.reporters.JUnitReportReporter -->
<testsuite hostname="TestGroup" failures="0" tests="1" name="test.java.carritocompras.CC_Test" time="159.594" errors="0" timestamp="2023-05-30T20:58:47 CLT" skipped="0">
  <testcase classname="test.java.carritocompras.CC_Test" name="CC_QA_Automatizacion" time="159.594"/>
  <system-out/>
</testsuite> <!-- test.java.carritocompras.CC_Test -->
