<?xml version="1.0" encoding="UTF-8"?>
<!-- Generated by org.testng.reporters.JUnitReportReporter -->
<testsuite hostname="TestGroup" failures="0" tests="2" name="test.java.carritocompras.CC_Test" time="345.884" errors="0" timestamp="2023-06-12T18:25:08 CLT" skipped="0">
  <testcase classname="test.java.carritocompras.CC_Test" name="CC_QA_Automatizacion" time="171.900"/>
  <system-out/>
  <testcase classname="test.java.carritocompras.CC_Test" name="CC_QA_Automatizacion" time="173.984"/>
  <system-out/>
</testsuite> <!-- test.java.carritocompras.CC_Test -->
